Determining if the pthread_create exist failed with the following output:
Change Dir: /home/jeff/Desktop/selfServer/cmake-build-debug/CMakeFiles/CMakeTmp

Run Build Command:"/usr/bin/make" "cmTC_2dcc9/fast"
/usr/bin/make -f CMakeFiles/cmTC_2dcc9.dir/build.make CMakeFiles/cmTC_2dcc9.dir/build
make[1]: Entering directory '/home/jeff/Desktop/selfServer/cmake-build-debug/CMakeFiles/CMakeTmp'
Building C object CMakeFiles/cmTC_2dcc9.dir/CheckSymbolExists.c.o
/usr/bin/cc    -o CMakeFiles/cmTC_2dcc9.dir/CheckSymbolExists.c.o   -c /home/jeff/Desktop/selfServer/cmake-build-debug/CMakeFiles/CMakeTmp/CheckSymbolExists.c
Linking C executable cmTC_2dcc9
/home/jeff/.local/share/JetBrains/Toolbox/apps/CLion/ch-0/181.4668.70/bin/cmake/bin/cmake -E cmake_link_script CMakeFiles/cmTC_2dcc9.dir/link.txt --verbose=1
/usr/bin/cc      -rdynamic CMakeFiles/cmTC_2dcc9.dir/CheckSymbolExists.c.o  -o cmTC_2dcc9 
CMakeFiles/cmTC_2dcc9.dir/CheckSymbolExists.c.o：在函数‘main’中：
CheckSymbolExists.c:(.text+0x1b)：对‘pthread_create’未定义的引用
collect2: error: ld returned 1 exit status
CMakeFiles/cmTC_2dcc9.dir/build.make:97: recipe for target 'cmTC_2dcc9' failed
make[1]: *** [cmTC_2dcc9] Error 1
make[1]: Leaving directory '/home/jeff/Desktop/selfServer/cmake-build-debug/CMakeFiles/CMakeTmp'
Makefile:126: recipe for target 'cmTC_2dcc9/fast' failed
make: *** [cmTC_2dcc9/fast] Error 2

File /home/jeff/Desktop/selfServer/cmake-build-debug/CMakeFiles/CMakeTmp/CheckSymbolExists.c:
/* */
#include <pthread.h>

int main(int argc, char** argv)
{
  (void)argv;
#ifndef pthread_create
  return ((int*)(&pthread_create))[argc];
#else
  (void)argc;
  return 0;
#endif
}

